{"C:\\Users\\akshat.mishra\\Builds\\byod\\guest-connect-web\\src\\App.css": {"path":"C:\\Users\\akshat.mishra\\Builds\\byod\\guest-connect-web\\src\\App.css","statementMap":{},"fnMap":{},"branchMap":{},"s":{},"f":{},"b":{},"meta":{"lastBranch":0,"lastFunction":0,"lastStatement":0,"seen":{}}}
,"C:\\Users\\akshat.mishra\\Builds\\byod\\guest-connect-web\\src\\App.tsx": {"path":"C:\\Users\\akshat.mishra\\Builds\\byod\\guest-connect-web\\src\\App.tsx","statementMap":{"0":{"start":{"line":7,"column":19},"end":{"line":13,"column":null}},"1":{"start":{"line":9,"column":17},"end":{"line":9,"column":null}},"2":{"start":{"line":10,"column":18},"end":{"line":10,"column":null}},"3":{"start":{"line":11,"column":4},"end":{"line":11,"column":null}},"4":{"start":{"line":12,"column":4},"end":{"line":12,"column":null}},"5":{"start":{"line":14,"column":2},"end":{"line":14,"column":null}},"6":{"start":{"line":16,"column":2},"end":{"line":31,"column":null}},"7":{"start":{"line":17,"column":4},"end":{"line":29,"column":null}},"8":{"start":{"line":33,"column":2},"end":{"line":45,"column":null}}},"fnMap":{"0":{"name":"App","decl":{"start":{"line":6,"column":9},"end":{"line":6,"column":15}},"loc":{"start":{"line":6,"column":15},"end":{"line":47,"column":null}},"line":6},"1":{"name":"(anonymous_1)","decl":{"start":{"line":7,"column":47},"end":{"line":7,"column":53}},"loc":{"start":{"line":7,"column":53},"end":{"line":13,"column":3}},"line":7}},"branchMap":{"0":{"loc":{"start":{"line":12,"column":11},"end":{"line":12,"column":null}},"type":"cond-expr","locations":[{"start":{"line":12,"column":19},"end":{"line":12,"column":30}},{"start":{"line":12,"column":30},"end":{"line":12,"column":null}}],"line":12},"1":{"loc":{"start":{"line":16,"column":2},"end":{"line":31,"column":null}},"type":"if","locations":[{"start":{"line":16,"column":2},"end":{"line":31,"column":null}},{"start":{},"end":{}}],"line":16}},"s":{"0":13,"1":13,"2":13,"3":13,"4":13,"5":13,"6":13,"7":4,"8":9},"f":{"0":13,"1":13},"b":{"0":[9,4],"1":[4,9]},"meta":{"lastBranch":2,"lastFunction":2,"lastStatement":9,"seen":{"f:6:9:6:15":0,"s:7:19:13:Infinity":0,"f:7:47:7:53":1,"s:9:17:9:Infinity":1,"s:10:18:10:Infinity":2,"s:11:4:11:Infinity":3,"s:12:4:12:Infinity":4,"b:12:19:12:30:12:30:12:Infinity":0,"s:14:2:14:Infinity":5,"b:16:2:31:Infinity:undefined:undefined:undefined:undefined":1,"s:16:2:31:Infinity":6,"s:17:4:29:Infinity":7,"s:33:2:45:Infinity":8}}}
,"C:\\Users\\akshat.mishra\\Builds\\byod\\guest-connect-web\\src\\components\\SurveyForm.tsx": {"path":"C:\\Users\\akshat.mishra\\Builds\\byod\\guest-connect-web\\src\\components\\SurveyForm.tsx","statementMap":{"0":{"start":{"line":30,"column":35},"end":{"line":30,"column":null}},"1":{"start":{"line":31,"column":21},"end":{"line":31,"column":null}},"2":{"start":{"line":37,"column":46},"end":{"line":645,"column":null}},"3":{"start":{"line":38,"column":16},"end":{"line":38,"column":null}},"4":{"start":{"line":39,"column":29},"end":{"line":39,"column":null}},"5":{"start":{"line":40,"column":27},"end":{"line":40,"column":null}},"6":{"start":{"line":41,"column":33},"end":{"line":41,"column":null}},"7":{"start":{"line":42,"column":31},"end":{"line":42,"column":null}},"8":{"start":{"line":43,"column":23},"end":{"line":43,"column":null}},"9":{"start":{"line":44,"column":43},"end":{"line":44,"column":null}},"10":{"start":{"line":45,"column":29},"end":{"line":45,"column":null}},"11":{"start":{"line":47,"column":1},"end":{"line":54,"column":null}},"12":{"start":{"line":48,"column":23},"end":{"line":50,"column":null}},"13":{"start":{"line":49,"column":3},"end":{"line":49,"column":null}},"14":{"start":{"line":52,"column":2},"end":{"line":52,"column":null}},"15":{"start":{"line":53,"column":2},"end":{"line":53,"column":null}},"16":{"start":{"line":53,"column":15},"end":{"line":53,"column":null}},"17":{"start":{"line":56,"column":7},"end":{"line":105,"column":null}},"18":{"start":{"line":57,"column":2},"end":{"line":104,"column":null}},"19":{"start":{"line":58,"column":3},"end":{"line":58,"column":null}},"20":{"start":{"line":59,"column":16},"end":{"line":59,"column":null}},"21":{"start":{"line":61,"column":3},"end":{"line":89,"column":null}},"22":{"start":{"line":62,"column":4},"end":{"line":62,"column":null}},"23":{"start":{"line":65,"column":15},"end":{"line":65,"column":null}},"24":{"start":{"line":66,"column":23},"end":{"line":66,"column":null}},"25":{"start":{"line":68,"column":4},"end":{"line":76,"column":null}},"26":{"start":{"line":69,"column":23},"end":{"line":69,"column":null}},"27":{"start":{"line":70,"column":26},"end":{"line":70,"column":null}},"28":{"start":{"line":71,"column":4},"end":{"line":75,"column":null}},"29":{"start":{"line":72,"column":6},"end":{"line":72,"column":null}},"30":{"start":{"line":73,"column":6},"end":{"line":73,"column":null}},"31":{"start":{"line":74,"column":6},"end":{"line":74,"column":null}},"32":{"start":{"line":78,"column":4},"end":{"line":86,"column":null}},"33":{"start":{"line":79,"column":21},"end":{"line":79,"column":null}},"34":{"start":{"line":80,"column":24},"end":{"line":80,"column":null}},"35":{"start":{"line":81,"column":4},"end":{"line":85,"column":null}},"36":{"start":{"line":82,"column":6},"end":{"line":82,"column":null}},"37":{"start":{"line":83,"column":6},"end":{"line":83,"column":null}},"38":{"start":{"line":84,"column":6},"end":{"line":84,"column":null}},"39":{"start":{"line":88,"column":4},"end":{"line":88,"column":null}},"40":{"start":{"line":92,"column":17},"end":{"line":92,"column":null}},"41":{"start":{"line":95,"column":3},"end":{"line":101,"column":null}},"42":{"start":{"line":96,"column":4},"end":{"line":96,"column":null}},"43":{"start":{"line":97,"column":3},"end":{"line":101,"column":null}},"44":{"start":{"line":98,"column":4},"end":{"line":98,"column":null}},"45":{"start":{"line":100,"column":4},"end":{"line":100,"column":null}},"46":{"start":{"line":103,"column":3},"end":{"line":103,"column":null}},"47":{"start":{"line":107,"column":1},"end":{"line":109,"column":null}},"48":{"start":{"line":108,"column":2},"end":{"line":108,"column":null}},"49":{"start":{"line":111,"column":22},"end":{"line":169,"column":null}},"50":{"start":{"line":112,"column":2},"end":{"line":112,"column":null}},"51":{"start":{"line":112,"column":40},"end":{"line":112,"column":null}},"52":{"start":{"line":114,"column":2},"end":{"line":168,"column":null}},"53":{"start":{"line":115,"column":3},"end":{"line":115,"column":null}},"54":{"start":{"line":118,"column":9},"end":{"line":118,"column":null}},"55":{"start":{"line":121,"column":48},"end":{"line":126,"column":null}},"56":{"start":{"line":129,"column":3},"end":{"line":133,"column":null}},"57":{"start":{"line":130,"column":4},"end":{"line":130,"column":null}},"58":{"start":{"line":131,"column":4},"end":{"line":131,"column":null}},"59":{"start":{"line":132,"column":4},"end":{"line":132,"column":null}},"60":{"start":{"line":135,"column":25},"end":{"line":135,"column":null}},"61":{"start":{"line":136,"column":24},"end":{"line":136,"column":null}},"62":{"start":{"line":139,"column":20},"end":{"line":145,"column":null}},"63":{"start":{"line":139,"column":73},"end":{"line":145,"column":5}},"64":{"start":{"line":147,"column":3},"end":{"line":151,"column":null}},"65":{"start":{"line":153,"column":3},"end":{"line":153,"column":null}},"66":{"start":{"line":154,"column":3},"end":{"line":154,"column":null}},"67":{"start":{"line":156,"column":17},"end":{"line":156,"column":null}},"68":{"start":{"line":159,"column":3},"end":{"line":165,"column":null}},"69":{"start":{"line":160,"column":4},"end":{"line":160,"column":null}},"70":{"start":{"line":161,"column":3},"end":{"line":165,"column":null}},"71":{"start":{"line":162,"column":4},"end":{"line":162,"column":null}},"72":{"start":{"line":164,"column":4},"end":{"line":164,"column":null}},"73":{"start":{"line":167,"column":3},"end":{"line":167,"column":null}},"74":{"start":{"line":171,"column":24},"end":{"line":305,"column":null}},"75":{"start":{"line":172,"column":2},"end":{"line":304,"column":null}},"76":{"start":{"line":174,"column":25},"end":{"line":174,"column":null}},"77":{"start":{"line":175,"column":25},"end":{"line":175,"column":null}},"78":{"start":{"line":176,"column":4},"end":{"line":224,"column":null}},"79":{"start":{"line":196,"column":10},"end":{"line":219,"column":null}},"80":{"start":{"line":229,"column":4},"end":{"line":254,"column":null}},"81":{"start":{"line":258,"column":4},"end":{"line":279,"column":null}},"82":{"start":{"line":273,"column":9},"end":{"line":275,"column":null}},"83":{"start":{"line":284,"column":4},"end":{"line":302,"column":null}},"84":{"start":{"line":307,"column":28},"end":{"line":339,"column":null}},"85":{"start":{"line":308,"column":24},"end":{"line":320,"column":null}},"86":{"start":{"line":322,"column":2},"end":{"line":337,"column":null}},"87":{"start":{"line":341,"column":30},"end":{"line":359,"column":null}},"88":{"start":{"line":342,"column":2},"end":{"line":357,"column":null}},"89":{"start":{"line":361,"column":1},"end":{"line":374,"column":null}},"90":{"start":{"line":362,"column":2},"end":{"line":372,"column":null}},"91":{"start":{"line":376,"column":1},"end":{"line":378,"column":null}},"92":{"start":{"line":377,"column":2},"end":{"line":377,"column":null}},"93":{"start":{"line":380,"column":1},"end":{"line":382,"column":null}},"94":{"start":{"line":381,"column":2},"end":{"line":381,"column":null}},"95":{"start":{"line":384,"column":1},"end":{"line":386,"column":null}},"96":{"start":{"line":385,"column":2},"end":{"line":385,"column":null}},"97":{"start":{"line":388,"column":1},"end":{"line":643,"column":null}},"98":{"start":{"line":452,"column":8},"end":{"line":454,"column":null}},"99":{"start":{"line":507,"column":27},"end":{"line":507,"column":null}},"100":{"start":{"line":536,"column":14},"end":{"line":538,"column":null}},"101":{"start":{"line":537,"column":15},"end":{"line":537,"column":null}},"102":{"start":{"line":539,"column":14},"end":{"line":541,"column":null}},"103":{"start":{"line":564,"column":14},"end":{"line":566,"column":null}},"104":{"start":{"line":565,"column":15},"end":{"line":565,"column":null}},"105":{"start":{"line":567,"column":14},"end":{"line":569,"column":null}}},"fnMap":{"0":{"name":"(anonymous_0)","decl":{"start":{"line":37,"column":46},"end":{"line":37,"column":47}},"loc":{"start":{"line":37,"column":66},"end":{"line":645,"column":null}},"line":37},"1":{"name":"(anonymous_1)","decl":{"start":{"line":47,"column":11},"end":{"line":47,"column":17}},"loc":{"start":{"line":47,"column":17},"end":{"line":54,"column":4}},"line":47},"2":{"name":"(anonymous_2)","decl":{"start":{"line":48,"column":23},"end":{"line":48,"column":29}},"loc":{"start":{"line":48,"column":29},"end":{"line":50,"column":null}},"line":48},"3":{"name":"(anonymous_3)","decl":{"start":{"line":53,"column":9},"end":{"line":53,"column":15}},"loc":{"start":{"line":53,"column":15},"end":{"line":53,"column":null}},"line":53},"4":{"name":"(anonymous_4)","decl":{"start":{"line":56,"column":34},"end":{"line":56,"column":46}},"loc":{"start":{"line":56,"column":46},"end":{"line":105,"column":4}},"line":56},"5":{"name":"(anonymous_5)","decl":{"start":{"line":107,"column":11},"end":{"line":107,"column":17}},"loc":{"start":{"line":107,"column":17},"end":{"line":109,"column":4}},"line":107},"6":{"name":"(anonymous_6)","decl":{"start":{"line":111,"column":22},"end":{"line":111,"column":29}},"loc":{"start":{"line":111,"column":73},"end":{"line":169,"column":null}},"line":111},"7":{"name":"(anonymous_7)","decl":{"start":{"line":139,"column":58},"end":{"line":139,"column":59}},"loc":{"start":{"line":139,"column":73},"end":{"line":145,"column":5}},"line":139},"8":{"name":"(anonymous_8)","decl":{"start":{"line":171,"column":24},"end":{"line":171,"column":25}},"loc":{"start":{"line":171,"column":48},"end":{"line":305,"column":null}},"line":171},"9":{"name":"(anonymous_9)","decl":{"start":{"line":195,"column":30},"end":{"line":195,"column":31}},"loc":{"start":{"line":196,"column":10},"end":{"line":219,"column":null}},"line":196},"10":{"name":"(anonymous_10)","decl":{"start":{"line":272,"column":31},"end":{"line":272,"column":32}},"loc":{"start":{"line":273,"column":9},"end":{"line":275,"column":null}},"line":273},"11":{"name":"(anonymous_11)","decl":{"start":{"line":307,"column":28},"end":{"line":307,"column":34}},"loc":{"start":{"line":307,"column":34},"end":{"line":339,"column":null}},"line":307},"12":{"name":"(anonymous_12)","decl":{"start":{"line":341,"column":30},"end":{"line":341,"column":36}},"loc":{"start":{"line":341,"column":36},"end":{"line":359,"column":null}},"line":341},"13":{"name":"(anonymous_13)","decl":{"start":{"line":451,"column":30},"end":{"line":451,"column":31}},"loc":{"start":{"line":452,"column":8},"end":{"line":454,"column":null}},"line":452},"14":{"name":"(anonymous_14)","decl":{"start":{"line":507,"column":20},"end":{"line":507,"column":21}},"loc":{"start":{"line":507,"column":27},"end":{"line":507,"column":null}},"line":507},"15":{"name":"(anonymous_15)","decl":{"start":{"line":535,"column":24},"end":{"line":535,"column":25}},"loc":{"start":{"line":535,"column":38},"end":{"line":542,"column":null}},"line":535},"16":{"name":"(anonymous_16)","decl":{"start":{"line":563,"column":24},"end":{"line":563,"column":25}},"loc":{"start":{"line":563,"column":38},"end":{"line":570,"column":null}},"line":563}},"branchMap":{"0":{"loc":{"start":{"line":61,"column":3},"end":{"line":89,"column":null}},"type":"if","locations":[{"start":{"line":61,"column":3},"end":{"line":89,"column":null}},{"start":{"line":63,"column":10},"end":{"line":89,"column":null}}],"line":61},"1":{"loc":{"start":{"line":68,"column":4},"end":{"line":76,"column":null}},"type":"if","locations":[{"start":{"line":68,"column":4},"end":{"line":76,"column":null}},{"start":{},"end":{}}],"line":68},"2":{"loc":{"start":{"line":71,"column":4},"end":{"line":75,"column":null}},"type":"if","locations":[{"start":{"line":71,"column":4},"end":{"line":75,"column":null}},{"start":{},"end":{}}],"line":71},"3":{"loc":{"start":{"line":78,"column":4},"end":{"line":86,"column":null}},"type":"if","locations":[{"start":{"line":78,"column":4},"end":{"line":86,"column":null}},{"start":{},"end":{}}],"line":78},"4":{"loc":{"start":{"line":81,"column":4},"end":{"line":85,"column":null}},"type":"if","locations":[{"start":{"line":81,"column":4},"end":{"line":85,"column":null}},{"start":{},"end":{}}],"line":81},"5":{"loc":{"start":{"line":95,"column":3},"end":{"line":101,"column":null}},"type":"if","locations":[{"start":{"line":95,"column":3},"end":{"line":101,"column":null}},{"start":{"line":97,"column":3},"end":{"line":101,"column":null}}],"line":95},"6":{"loc":{"start":{"line":97,"column":3},"end":{"line":101,"column":null}},"type":"if","locations":[{"start":{"line":97,"column":3},"end":{"line":101,"column":null}},{"start":{"line":99,"column":10},"end":{"line":101,"column":null}}],"line":97},"7":{"loc":{"start":{"line":112,"column":2},"end":{"line":112,"column":null}},"type":"if","locations":[{"start":{"line":112,"column":2},"end":{"line":112,"column":null}},{"start":{},"end":{}}],"line":112},"8":{"loc":{"start":{"line":112,"column":6},"end":{"line":112,"column":40}},"type":"binary-expr","locations":[{"start":{"line":112,"column":6},"end":{"line":112,"column":19}},{"start":{"line":112,"column":19},"end":{"line":112,"column":40}}],"line":112},"9":{"loc":{"start":{"line":122,"column":17},"end":{"line":122,"column":null}},"type":"cond-expr","locations":[{"start":{"line":122,"column":35},"end":{"line":122,"column":54}},{"start":{"line":122,"column":54},"end":{"line":122,"column":null}}],"line":122},"10":{"loc":{"start":{"line":124,"column":15},"end":{"line":124,"column":null}},"type":"binary-expr","locations":[{"start":{"line":124,"column":15},"end":{"line":124,"column":46}},{"start":{"line":124,"column":46},"end":{"line":124,"column":null}}],"line":124},"11":{"loc":{"start":{"line":129,"column":3},"end":{"line":133,"column":null}},"type":"if","locations":[{"start":{"line":129,"column":3},"end":{"line":133,"column":null}},{"start":{},"end":{}}],"line":129},"12":{"loc":{"start":{"line":129,"column":7},"end":{"line":129,"column":44}},"type":"binary-expr","locations":[{"start":{"line":129,"column":7},"end":{"line":129,"column":26}},{"start":{"line":129,"column":26},"end":{"line":129,"column":44}}],"line":129},"13":{"loc":{"start":{"line":141,"column":5},"end":{"line":143,"column":null}},"type":"cond-expr","locations":[{"start":{"line":142,"column":8},"end":{"line":142,"column":null}},{"start":{"line":143,"column":8},"end":{"line":143,"column":null}}],"line":141},"14":{"loc":{"start":{"line":159,"column":3},"end":{"line":165,"column":null}},"type":"if","locations":[{"start":{"line":159,"column":3},"end":{"line":165,"column":null}},{"start":{"line":161,"column":3},"end":{"line":165,"column":null}}],"line":159},"15":{"loc":{"start":{"line":161,"column":3},"end":{"line":165,"column":null}},"type":"if","locations":[{"start":{"line":161,"column":3},"end":{"line":165,"column":null}},{"start":{"line":163,"column":10},"end":{"line":165,"column":null}}],"line":161},"16":{"loc":{"start":{"line":172,"column":2},"end":{"line":304,"column":null}},"type":"switch","locations":[{"start":{"line":173,"column":3},"end":{"line":226,"column":null}},{"start":{"line":228,"column":3},"end":{"line":254,"column":null}},{"start":{"line":257,"column":3},"end":{"line":279,"column":null}},{"start":{"line":282,"column":3},"end":{"line":282,"column":null}},{"start":{"line":283,"column":3},"end":{"line":302,"column":null}}],"line":172},"17":{"loc":{"start":{"line":192,"column":15},"end":{"line":192,"column":null}},"type":"cond-expr","locations":[{"start":{"line":192,"column":26},"end":{"line":192,"column":36}},{"start":{"line":192,"column":36},"end":{"line":192,"column":null}}],"line":192},"18":{"loc":{"start":{"line":201,"column":27},"end":{"line":201,"column":null}},"type":"cond-expr","locations":[{"start":{"line":201,"column":38},"end":{"line":201,"column":42}},{"start":{"line":201,"column":42},"end":{"line":201,"column":null}}],"line":201},"19":{"loc":{"start":{"line":204,"column":13},"end":{"line":211,"column":null}},"type":"cond-expr","locations":[{"start":{"line":205,"column":13},"end":{"line":207,"column":null}},{"start":{"line":209,"column":13},"end":{"line":211,"column":null}}],"line":204},"20":{"loc":{"start":{"line":214,"column":12},"end":{"line":217,"column":null}},"type":"binary-expr","locations":[{"start":{"line":214,"column":12},"end":{"line":214,"column":null}},{"start":{"line":215,"column":12},"end":{"line":217,"column":null}}],"line":214},"21":{"loc":{"start":{"line":244,"column":14},"end":{"line":244,"column":null}},"type":"cond-expr","locations":[{"start":{"line":244,"column":25},"end":{"line":244,"column":35}},{"start":{"line":244,"column":35},"end":{"line":244,"column":null}}],"line":244},"22":{"loc":{"start":{"line":247,"column":10},"end":{"line":247,"column":null}},"type":"cond-expr","locations":[{"start":{"line":247,"column":21},"end":{"line":247,"column":64}},{"start":{"line":247,"column":64},"end":{"line":247,"column":null}}],"line":247},"23":{"loc":{"start":{"line":250,"column":10},"end":{"line":250,"column":null}},"type":"cond-expr","locations":[{"start":{"line":250,"column":21},"end":{"line":250,"column":64}},{"start":{"line":250,"column":64},"end":{"line":250,"column":null}}],"line":250},"24":{"loc":{"start":{"line":297,"column":13},"end":{"line":297,"column":null}},"type":"cond-expr","locations":[{"start":{"line":297,"column":24},"end":{"line":297,"column":28}},{"start":{"line":297,"column":28},"end":{"line":297,"column":null}}],"line":297},"25":{"loc":{"start":{"line":332,"column":14},"end":{"line":332,"column":null}},"type":"cond-expr","locations":[{"start":{"line":332,"column":22},"end":{"line":332,"column":45}},{"start":{"line":332,"column":45},"end":{"line":332,"column":null}}],"line":332},"26":{"loc":{"start":{"line":361,"column":1},"end":{"line":374,"column":null}},"type":"if","locations":[{"start":{"line":361,"column":1},"end":{"line":374,"column":null}},{"start":{},"end":{}}],"line":361},"27":{"loc":{"start":{"line":376,"column":1},"end":{"line":378,"column":null}},"type":"if","locations":[{"start":{"line":376,"column":1},"end":{"line":378,"column":null}},{"start":{},"end":{}}],"line":376},"28":{"loc":{"start":{"line":380,"column":1},"end":{"line":382,"column":null}},"type":"if","locations":[{"start":{"line":380,"column":1},"end":{"line":382,"column":null}},{"start":{},"end":{}}],"line":380},"29":{"loc":{"start":{"line":384,"column":1},"end":{"line":386,"column":null}},"type":"if","locations":[{"start":{"line":384,"column":1},"end":{"line":386,"column":null}},{"start":{},"end":{}}],"line":384},"30":{"loc":{"start":{"line":393,"column":13},"end":{"line":393,"column":null}},"type":"cond-expr","locations":[{"start":{"line":393,"column":24},"end":{"line":393,"column":35}},{"start":{"line":393,"column":35},"end":{"line":393,"column":null}}],"line":393},"31":{"loc":{"start":{"line":400,"column":14},"end":{"line":400,"column":null}},"type":"cond-expr","locations":[{"start":{"line":400,"column":25},"end":{"line":400,"column":36}},{"start":{"line":400,"column":36},"end":{"line":400,"column":null}}],"line":400},"32":{"loc":{"start":{"line":404,"column":5},"end":{"line":415,"column":null}},"type":"binary-expr","locations":[{"start":{"line":404,"column":5},"end":{"line":404,"column":null}},{"start":{"line":405,"column":5},"end":{"line":415,"column":null}}],"line":404},"33":{"loc":{"start":{"line":406,"column":50},"end":{"line":406,"column":69}},"type":"cond-expr","locations":[{"start":{"line":406,"column":61},"end":{"line":406,"column":66}},{"start":{"line":406,"column":66},"end":{"line":406,"column":69}}],"line":406},"34":{"loc":{"start":{"line":418,"column":28},"end":{"line":418,"column":58}},"type":"cond-expr","locations":[{"start":{"line":418,"column":39},"end":{"line":418,"column":48}},{"start":{"line":418,"column":48},"end":{"line":418,"column":58}}],"line":418},"35":{"loc":{"start":{"line":420,"column":13},"end":{"line":420,"column":null}},"type":"cond-expr","locations":[{"start":{"line":420,"column":24},"end":{"line":420,"column":28}},{"start":{"line":420,"column":28},"end":{"line":420,"column":null}}],"line":420},"36":{"loc":{"start":{"line":430,"column":21},"end":{"line":430,"column":null}},"type":"cond-expr","locations":[{"start":{"line":430,"column":32},"end":{"line":430,"column":37}},{"start":{"line":430,"column":37},"end":{"line":430,"column":null}}],"line":430},"37":{"loc":{"start":{"line":432,"column":17},"end":{"line":432,"column":null}},"type":"cond-expr","locations":[{"start":{"line":432,"column":28},"end":{"line":432,"column":33}},{"start":{"line":432,"column":33},"end":{"line":432,"column":null}}],"line":432},"38":{"loc":{"start":{"line":435,"column":7},"end":{"line":437,"column":null}},"type":"cond-expr","locations":[{"start":{"line":436,"column":9},"end":{"line":436,"column":null}},{"start":{"line":437,"column":9},"end":{"line":437,"column":null}}],"line":435},"39":{"loc":{"start":{"line":447,"column":32},"end":{"line":447,"column":63}},"type":"cond-expr","locations":[{"start":{"line":447,"column":43},"end":{"line":447,"column":54}},{"start":{"line":447,"column":54},"end":{"line":447,"column":63}}],"line":447},"40":{"loc":{"start":{"line":450,"column":7},"end":{"line":461,"column":null}},"type":"cond-expr","locations":[{"start":{"line":451,"column":7},"end":{"line":455,"column":null}},{"start":{"line":457,"column":7},"end":{"line":461,"column":null}}],"line":450},"41":{"loc":{"start":{"line":450,"column":7},"end":{"line":450,"column":null}},"type":"binary-expr","locations":[{"start":{"line":450,"column":7},"end":{"line":450,"column":29}},{"start":{"line":450,"column":29},"end":{"line":450,"column":null}}],"line":450},"42":{"loc":{"start":{"line":452,"column":47},"end":{"line":452,"column":66}},"type":"cond-expr","locations":[{"start":{"line":452,"column":58},"end":{"line":452,"column":63}},{"start":{"line":452,"column":63},"end":{"line":452,"column":66}}],"line":452},"43":{"loc":{"start":{"line":465,"column":7},"end":{"line":494,"column":null}},"type":"binary-expr","locations":[{"start":{"line":465,"column":7},"end":{"line":465,"column":null}},{"start":{"line":466,"column":7},"end":{"line":494,"column":null}}],"line":465},"44":{"loc":{"start":{"line":467,"column":34},"end":{"line":467,"column":65}},"type":"cond-expr","locations":[{"start":{"line":467,"column":45},"end":{"line":467,"column":56}},{"start":{"line":467,"column":56},"end":{"line":467,"column":65}}],"line":467},"45":{"loc":{"start":{"line":470,"column":9},"end":{"line":479,"column":null}},"type":"binary-expr","locations":[{"start":{"line":470,"column":9},"end":{"line":470,"column":null}},{"start":{"line":471,"column":9},"end":{"line":479,"column":null}}],"line":470},"46":{"loc":{"start":{"line":473,"column":21},"end":{"line":473,"column":null}},"type":"cond-expr","locations":[{"start":{"line":473,"column":32},"end":{"line":473,"column":37}},{"start":{"line":473,"column":37},"end":{"line":473,"column":null}}],"line":473},"47":{"loc":{"start":{"line":475,"column":25},"end":{"line":475,"column":null}},"type":"cond-expr","locations":[{"start":{"line":475,"column":36},"end":{"line":475,"column":40}},{"start":{"line":475,"column":40},"end":{"line":475,"column":null}}],"line":475},"48":{"loc":{"start":{"line":486,"column":9},"end":{"line":492,"column":null}},"type":"binary-expr","locations":[{"start":{"line":486,"column":9},"end":{"line":486,"column":null}},{"start":{"line":487,"column":9},"end":{"line":492,"column":null}}],"line":486},"49":{"loc":{"start":{"line":491,"column":33},"end":{"line":491,"column":52}},"type":"cond-expr","locations":[{"start":{"line":491,"column":44},"end":{"line":491,"column":49}},{"start":{"line":491,"column":49},"end":{"line":491,"column":52}}],"line":491},"50":{"loc":{"start":{"line":498,"column":7},"end":{"line":583,"column":null}},"type":"binary-expr","locations":[{"start":{"line":498,"column":7},"end":{"line":498,"column":null}},{"start":{"line":499,"column":7},"end":{"line":583,"column":null}}],"line":498},"51":{"loc":{"start":{"line":500,"column":34},"end":{"line":500,"column":65}},"type":"cond-expr","locations":[{"start":{"line":500,"column":45},"end":{"line":500,"column":56}},{"start":{"line":500,"column":56},"end":{"line":500,"column":65}}],"line":500},"52":{"loc":{"start":{"line":513,"column":9},"end":{"line":581,"column":null}},"type":"binary-expr","locations":[{"start":{"line":513,"column":9},"end":{"line":513,"column":null}},{"start":{"line":514,"column":9},"end":{"line":581,"column":null}}],"line":513},"53":{"loc":{"start":{"line":521,"column":34},"end":{"line":521,"column":53}},"type":"cond-expr","locations":[{"start":{"line":521,"column":45},"end":{"line":521,"column":50}},{"start":{"line":521,"column":50},"end":{"line":521,"column":53}}],"line":521},"54":{"loc":{"start":{"line":525,"column":18},"end":{"line":525,"column":null}},"type":"cond-expr","locations":[{"start":{"line":525,"column":29},"end":{"line":525,"column":40}},{"start":{"line":525,"column":40},"end":{"line":525,"column":null}}],"line":525},"55":{"loc":{"start":{"line":536,"column":14},"end":{"line":538,"column":null}},"type":"if","locations":[{"start":{"line":536,"column":14},"end":{"line":538,"column":null}},{"start":{},"end":{}}],"line":536},"56":{"loc":{"start":{"line":536,"column":18},"end":{"line":536,"column":49}},"type":"binary-expr","locations":[{"start":{"line":536,"column":18},"end":{"line":536,"column":28}},{"start":{"line":536,"column":19},"end":{"line":536,"column":49}}],"line":536},"57":{"loc":{"start":{"line":545,"column":34},"end":{"line":545,"column":53}},"type":"cond-expr","locations":[{"start":{"line":545,"column":45},"end":{"line":545,"column":50}},{"start":{"line":545,"column":50},"end":{"line":545,"column":53}}],"line":545},"58":{"loc":{"start":{"line":550,"column":18},"end":{"line":550,"column":null}},"type":"cond-expr","locations":[{"start":{"line":550,"column":29},"end":{"line":550,"column":40}},{"start":{"line":550,"column":40},"end":{"line":550,"column":null}}],"line":550},"59":{"loc":{"start":{"line":564,"column":14},"end":{"line":566,"column":null}},"type":"if","locations":[{"start":{"line":564,"column":14},"end":{"line":566,"column":null}},{"start":{},"end":{}}],"line":564},"60":{"loc":{"start":{"line":564,"column":18},"end":{"line":564,"column":49}},"type":"binary-expr","locations":[{"start":{"line":564,"column":18},"end":{"line":564,"column":28}},{"start":{"line":564,"column":19},"end":{"line":564,"column":49}}],"line":564},"61":{"loc":{"start":{"line":573,"column":34},"end":{"line":573,"column":53}},"type":"cond-expr","locations":[{"start":{"line":573,"column":45},"end":{"line":573,"column":50}},{"start":{"line":573,"column":50},"end":{"line":573,"column":53}}],"line":573},"62":{"loc":{"start":{"line":577,"column":18},"end":{"line":577,"column":null}},"type":"cond-expr","locations":[{"start":{"line":577,"column":29},"end":{"line":577,"column":40}},{"start":{"line":577,"column":40},"end":{"line":577,"column":null}}],"line":577},"63":{"loc":{"start":{"line":587,"column":7},"end":{"line":602,"column":null}},"type":"binary-expr","locations":[{"start":{"line":587,"column":7},"end":{"line":587,"column":null}},{"start":{"line":588,"column":7},"end":{"line":602,"column":null}}],"line":587},"64":{"loc":{"start":{"line":592,"column":29},"end":{"line":592,"column":48}},"type":"cond-expr","locations":[{"start":{"line":592,"column":40},"end":{"line":592,"column":45}},{"start":{"line":592,"column":45},"end":{"line":592,"column":48}}],"line":592},"65":{"loc":{"start":{"line":599,"column":20},"end":{"line":599,"column":null}},"type":"cond-expr","locations":[{"start":{"line":599,"column":31},"end":{"line":599,"column":36}},{"start":{"line":599,"column":36},"end":{"line":599,"column":null}}],"line":599},"66":{"loc":{"start":{"line":600,"column":23},"end":{"line":600,"column":null}},"type":"cond-expr","locations":[{"start":{"line":600,"column":34},"end":{"line":600,"column":39}},{"start":{"line":600,"column":39},"end":{"line":600,"column":null}}],"line":600},"67":{"loc":{"start":{"line":606,"column":37},"end":{"line":606,"column":56}},"type":"cond-expr","locations":[{"start":{"line":606,"column":48},"end":{"line":606,"column":53}},{"start":{"line":606,"column":53},"end":{"line":606,"column":56}}],"line":606},"68":{"loc":{"start":{"line":610,"column":14},"end":{"line":610,"column":null}},"type":"cond-expr","locations":[{"start":{"line":610,"column":25},"end":{"line":610,"column":35}},{"start":{"line":610,"column":35},"end":{"line":610,"column":null}}],"line":610}},"s":{"0":1,"1":1,"2":1,"3":47,"4":47,"5":47,"6":47,"7":47,"8":47,"9":47,"10":47,"11":47,"12":21,"13":0,"14":21,"15":21,"16":21,"17":47,"18":21,"19":21,"20":21,"21":17,"22":1,"23":16,"24":16,"25":16,"26":16,"27":16,"28":16,"29":1,"30":1,"31":1,"32":15,"33":15,"34":15,"35":15,"36":1,"37":1,"38":1,"39":14,"40":3,"41":3,"42":1,"43":2,"44":1,"45":1,"46":20,"47":47,"48":21,"49":47,"50":3,"51":0,"52":3,"53":3,"54":3,"55":3,"56":3,"57":0,"58":0,"59":0,"60":3,"61":2,"62":2,"63":4,"64":2,"65":2,"66":2,"67":1,"68":1,"69":0,"70":1,"71":0,"72":1,"73":3,"74":47,"75":34,"76":16,"77":16,"78":16,"79":80,"80":1,"81":1,"82":4,"83":16,"84":47,"85":6,"86":6,"87":47,"88":2,"89":47,"90":21,"91":26,"92":6,"93":20,"94":2,"95":18,"96":0,"97":18,"98":34,"99":3,"100":0,"101":0,"102":0,"103":0,"104":0,"105":0},"f":{"0":47,"1":21,"2":0,"3":21,"4":21,"5":21,"6":3,"7":4,"8":34,"9":80,"10":4,"11":6,"12":2,"13":34,"14":3,"15":0,"16":0},"b":{"0":[1,16],"1":[16,0],"2":[1,15],"3":[15,0],"4":[1,14],"5":[1,2],"6":[1,1],"7":[0,3],"8":[3,3],"9":[2,1],"10":[3,0],"11":[0,3],"12":[3,2],"13":[4,0],"14":[0,1],"15":[0,1],"16":[16,1,1,16,16],"17":[1,15],"18":[5,75],"19":[5,75],"20":[80,75],"21":[0,1],"22":[0,1],"23":[0,1],"24":[1,15],"25":[6,0],"26":[21,26],"27":[6,20],"28":[2,18],"29":[0,18],"30":[1,17],"31":[1,17],"32":[47,0],"33":[0,0],"34":[1,17],"35":[1,17],"36":[1,17],"37":[1,17],"38":[16,2],"39":[1,17],"40":[18,0],"41":[47,18],"42":[2,32],"43":[47,16],"44":[1,15],"45":[16,16],"46":[1,15],"47":[1,15],"48":[16,0],"49":[0,0],"50":[47,16],"51":[1,15],"52":[16,12],"53":[1,11],"54":[1,11],"55":[0,0],"56":[0,0],"57":[1,11],"58":[1,11],"59":[0,0],"60":[0,0],"61":[1,11],"62":[1,11],"63":[47,0],"64":[0,0],"65":[0,0],"66":[0,0],"67":[1,17],"68":[1,17]},"meta":{"lastBranch":69,"lastFunction":17,"lastStatement":106,"seen":{"s:30:35:30:Infinity":0,"s:31:21:31:Infinity":1,"s:37:46:645:Infinity":2,"f:37:46:37:47":0,"s:38:16:38:Infinity":3,"s:39:29:39:Infinity":4,"s:40:27:40:Infinity":5,"s:41:33:41:Infinity":6,"s:42:31:42:Infinity":7,"s:43:23:43:Infinity":8,"s:44:43:44:Infinity":9,"s:45:29:45:Infinity":10,"s:47:1:54:Infinity":11,"f:47:11:47:17":1,"s:48:23:50:Infinity":12,"f:48:23:48:29":2,"s:49:3:49:Infinity":13,"s:52:2:52:Infinity":14,"s:53:2:53:Infinity":15,"f:53:9:53:15":3,"s:53:15:53:Infinity":16,"s:56:7:105:Infinity":17,"f:56:34:56:46":4,"s:57:2:104:Infinity":18,"s:58:3:58:Infinity":19,"s:59:16:59:Infinity":20,"b:61:3:89:Infinity:63:10:89:Infinity":0,"s:61:3:89:Infinity":21,"s:62:4:62:Infinity":22,"s:65:15:65:Infinity":23,"s:66:23:66:Infinity":24,"b:68:4:76:Infinity:undefined:undefined:undefined:undefined":1,"s:68:4:76:Infinity":25,"s:69:23:69:Infinity":26,"s:70:26:70:Infinity":27,"b:71:4:75:Infinity:undefined:undefined:undefined:undefined":2,"s:71:4:75:Infinity":28,"s:72:6:72:Infinity":29,"s:73:6:73:Infinity":30,"s:74:6:74:Infinity":31,"b:78:4:86:Infinity:undefined:undefined:undefined:undefined":3,"s:78:4:86:Infinity":32,"s:79:21:79:Infinity":33,"s:80:24:80:Infinity":34,"b:81:4:85:Infinity:undefined:undefined:undefined:undefined":4,"s:81:4:85:Infinity":35,"s:82:6:82:Infinity":36,"s:83:6:83:Infinity":37,"s:84:6:84:Infinity":38,"s:88:4:88:Infinity":39,"s:92:17:92:Infinity":40,"b:95:3:101:Infinity:97:3:101:Infinity":5,"s:95:3:101:Infinity":41,"s:96:4:96:Infinity":42,"b:97:3:101:Infinity:99:10:101:Infinity":6,"s:97:3:101:Infinity":43,"s:98:4:98:Infinity":44,"s:100:4:100:Infinity":45,"s:103:3:103:Infinity":46,"s:107:1:109:Infinity":47,"f:107:11:107:17":5,"s:108:2:108:Infinity":48,"s:111:22:169:Infinity":49,"f:111:22:111:29":6,"b:112:2:112:Infinity:undefined:undefined:undefined:undefined":7,"s:112:2:112:Infinity":50,"b:112:6:112:19:112:19:112:40":8,"s:112:40:112:Infinity":51,"s:114:2:168:Infinity":52,"s:115:3:115:Infinity":53,"s:118:9:118:Infinity":54,"s:121:48:126:Infinity":55,"b:122:35:122:54:122:54:122:Infinity":9,"b:124:15:124:46:124:46:124:Infinity":10,"b:129:3:133:Infinity:undefined:undefined:undefined:undefined":11,"s:129:3:133:Infinity":56,"b:129:7:129:26:129:26:129:44":12,"s:130:4:130:Infinity":57,"s:131:4:131:Infinity":58,"s:132:4:132:Infinity":59,"s:135:25:135:Infinity":60,"s:136:24:136:Infinity":61,"s:139:20:145:Infinity":62,"f:139:58:139:59":7,"s:139:73:145:5":63,"b:142:8:142:Infinity:143:8:143:Infinity":13,"s:147:3:151:Infinity":64,"s:153:3:153:Infinity":65,"s:154:3:154:Infinity":66,"s:156:17:156:Infinity":67,"b:159:3:165:Infinity:161:3:165:Infinity":14,"s:159:3:165:Infinity":68,"s:160:4:160:Infinity":69,"b:161:3:165:Infinity:163:10:165:Infinity":15,"s:161:3:165:Infinity":70,"s:162:4:162:Infinity":71,"s:164:4:164:Infinity":72,"s:167:3:167:Infinity":73,"s:171:24:305:Infinity":74,"f:171:24:171:25":8,"b:173:3:226:Infinity:228:3:254:Infinity:257:3:279:Infinity:282:3:282:Infinity:283:3:302:Infinity":16,"s:172:2:304:Infinity":75,"s:174:25:174:Infinity":76,"s:175:25:175:Infinity":77,"s:176:4:224:Infinity":78,"b:192:26:192:36:192:36:192:Infinity":17,"f:195:30:195:31":9,"s:196:10:219:Infinity":79,"b:201:38:201:42:201:42:201:Infinity":18,"b:205:13:207:Infinity:209:13:211:Infinity":19,"b:214:12:214:Infinity:215:12:217:Infinity":20,"s:229:4:254:Infinity":80,"b:244:25:244:35:244:35:244:Infinity":21,"b:247:21:247:64:247:64:247:Infinity":22,"b:250:21:250:64:250:64:250:Infinity":23,"s:258:4:279:Infinity":81,"f:272:31:272:32":10,"s:273:9:275:Infinity":82,"s:284:4:302:Infinity":83,"b:297:24:297:28:297:28:297:Infinity":24,"s:307:28:339:Infinity":84,"f:307:28:307:34":11,"s:308:24:320:Infinity":85,"s:322:2:337:Infinity":86,"b:332:22:332:45:332:45:332:Infinity":25,"s:341:30:359:Infinity":87,"f:341:30:341:36":12,"s:342:2:357:Infinity":88,"b:361:1:374:Infinity:undefined:undefined:undefined:undefined":26,"s:361:1:374:Infinity":89,"s:362:2:372:Infinity":90,"b:376:1:378:Infinity:undefined:undefined:undefined:undefined":27,"s:376:1:378:Infinity":91,"s:377:2:377:Infinity":92,"b:380:1:382:Infinity:undefined:undefined:undefined:undefined":28,"s:380:1:382:Infinity":93,"s:381:2:381:Infinity":94,"b:384:1:386:Infinity:undefined:undefined:undefined:undefined":29,"s:384:1:386:Infinity":95,"s:385:2:385:Infinity":96,"s:388:1:643:Infinity":97,"b:393:24:393:35:393:35:393:Infinity":30,"b:400:25:400:36:400:36:400:Infinity":31,"b:404:5:404:Infinity:405:5:415:Infinity":32,"b:406:61:406:66:406:66:406:69":33,"b:418:39:418:48:418:48:418:58":34,"b:420:24:420:28:420:28:420:Infinity":35,"b:430:32:430:37:430:37:430:Infinity":36,"b:432:28:432:33:432:33:432:Infinity":37,"b:436:9:436:Infinity:437:9:437:Infinity":38,"b:447:43:447:54:447:54:447:63":39,"b:451:7:455:Infinity:457:7:461:Infinity":40,"b:450:7:450:29:450:29:450:Infinity":41,"f:451:30:451:31":13,"s:452:8:454:Infinity":98,"b:452:58:452:63:452:63:452:66":42,"b:465:7:465:Infinity:466:7:494:Infinity":43,"b:467:45:467:56:467:56:467:65":44,"b:470:9:470:Infinity:471:9:479:Infinity":45,"b:473:32:473:37:473:37:473:Infinity":46,"b:475:36:475:40:475:40:475:Infinity":47,"b:486:9:486:Infinity:487:9:492:Infinity":48,"b:491:44:491:49:491:49:491:52":49,"b:498:7:498:Infinity:499:7:583:Infinity":50,"b:500:45:500:56:500:56:500:65":51,"f:507:20:507:21":14,"s:507:27:507:Infinity":99,"b:513:9:513:Infinity:514:9:581:Infinity":52,"b:521:45:521:50:521:50:521:53":53,"b:525:29:525:40:525:40:525:Infinity":54,"f:535:24:535:25":15,"b:536:14:538:Infinity:undefined:undefined:undefined:undefined":55,"s:536:14:538:Infinity":100,"b:536:18:536:28:536:19:536:49":56,"s:537:15:537:Infinity":101,"s:539:14:541:Infinity":102,"b:545:45:545:50:545:50:545:53":57,"b:550:29:550:40:550:40:550:Infinity":58,"f:563:24:563:25":16,"b:564:14:566:Infinity:undefined:undefined:undefined:undefined":59,"s:564:14:566:Infinity":103,"b:564:18:564:28:564:19:564:49":60,"s:565:15:565:Infinity":104,"s:567:14:569:Infinity":105,"b:573:45:573:50:573:50:573:53":61,"b:577:29:577:40:577:40:577:Infinity":62,"b:587:7:587:Infinity:588:7:602:Infinity":63,"b:592:40:592:45:592:45:592:48":64,"b:599:31:599:36:599:36:599:Infinity":65,"b:600:34:600:39:600:39:600:Infinity":66,"b:606:48:606:53:606:53:606:56":67,"b:610:25:610:35:610:35:610:Infinity":68}}}
,"C:\\Users\\akshat.mishra\\Builds\\byod\\guest-connect-web\\src\\utils\\api.ts": {"path":"C:\\Users\\akshat.mishra\\Builds\\byod\\guest-connect-web\\src\\utils\\api.ts","statementMap":{"0":{"start":{"line":4,"column":21},"end":{"line":4,"column":null}},"1":{"start":{"line":15,"column":34},"end":{"line":20,"column":null}},"2":{"start":{"line":16,"column":19},"end":{"line":18,"column":null}},"3":{"start":{"line":19,"column":2},"end":{"line":19,"column":null}},"4":{"start":{"line":25,"column":38},"end":{"line":62,"column":null}},"5":{"start":{"line":43,"column":19},"end":{"line":45,"column":null}},"6":{"start":{"line":46,"column":15},"end":{"line":46,"column":null}},"7":{"start":{"line":49,"column":2},"end":{"line":59,"column":null}},"8":{"start":{"line":50,"column":4},"end":{"line":58,"column":null}},"9":{"start":{"line":51,"column":22},"end":{"line":51,"column":47}},"10":{"start":{"line":52,"column":29},"end":{"line":58,"column":8}},"11":{"start":{"line":61,"column":2},"end":{"line":61,"column":null}},"12":{"start":{"line":67,"column":24},"end":{"line":76,"column":null}},"13":{"start":{"line":68,"column":82},"end":{"line":73,"column":null}},"14":{"start":{"line":75,"column":2},"end":{"line":75,"column":null}},"15":{"start":{"line":81,"column":29},"end":{"line":91,"column":null}},"16":{"start":{"line":82,"column":33},"end":{"line":85,"column":null}},"17":{"start":{"line":87,"column":2},"end":{"line":90,"column":null}},"18":{"start":{"line":97,"column":37},"end":{"line":103,"column":null}},"19":{"start":{"line":98,"column":19},"end":{"line":101,"column":null}},"20":{"start":{"line":102,"column":2},"end":{"line":102,"column":null}},"21":{"start":{"line":109,"column":35},"end":{"line":111,"column":null}},"22":{"start":{"line":110,"column":2},"end":{"line":110,"column":null}},"23":{"start":{"line":116,"column":28},"end":{"line":118,"column":null}},"24":{"start":{"line":117,"column":2},"end":{"line":117,"column":null}},"25":{"start":{"line":123,"column":36},"end":{"line":131,"column":null}},"26":{"start":{"line":127,"column":19},"end":{"line":129,"column":null}},"27":{"start":{"line":130,"column":2},"end":{"line":130,"column":null}}},"fnMap":{"0":{"name":"(anonymous_0)","decl":{"start":{"line":15,"column":34},"end":{"line":15,"column":41}},"loc":{"start":{"line":15,"column":96},"end":{"line":20,"column":null}},"line":15},"1":{"name":"(anonymous_1)","decl":{"start":{"line":25,"column":38},"end":{"line":25,"column":45}},"loc":{"start":{"line":25,"column":93},"end":{"line":62,"column":null}},"line":25},"2":{"name":"(anonymous_2)","decl":{"start":{"line":51,"column":12},"end":{"line":51,"column":13}},"loc":{"start":{"line":51,"column":22},"end":{"line":51,"column":47}},"line":51},"3":{"name":"(anonymous_3)","decl":{"start":{"line":52,"column":11},"end":{"line":52,"column":12}},"loc":{"start":{"line":52,"column":29},"end":{"line":58,"column":8}},"line":52},"4":{"name":"(anonymous_4)","decl":{"start":{"line":67,"column":24},"end":{"line":67,"column":25}},"loc":{"start":{"line":67,"column":93},"end":{"line":76,"column":null}},"line":67},"5":{"name":"(anonymous_5)","decl":{"start":{"line":81,"column":29},"end":{"line":81,"column":36}},"loc":{"start":{"line":81,"column":82},"end":{"line":91,"column":null}},"line":81},"6":{"name":"(anonymous_6)","decl":{"start":{"line":97,"column":37},"end":{"line":97,"column":44}},"loc":{"start":{"line":97,"column":114},"end":{"line":103,"column":null}},"line":97},"7":{"name":"(anonymous_7)","decl":{"start":{"line":109,"column":35},"end":{"line":109,"column":42}},"loc":{"start":{"line":109,"column":95},"end":{"line":111,"column":null}},"line":109},"8":{"name":"(anonymous_8)","decl":{"start":{"line":116,"column":28},"end":{"line":116,"column":35}},"loc":{"start":{"line":116,"column":83},"end":{"line":118,"column":null}},"line":116},"9":{"name":"(anonymous_9)","decl":{"start":{"line":123,"column":36},"end":{"line":123,"column":null}},"loc":{"start":{"line":126,"column":23},"end":{"line":131,"column":null}},"line":126}},"branchMap":{"0":{"loc":{"start":{"line":4,"column":21},"end":{"line":4,"column":null}},"type":"binary-expr","locations":[{"start":{"line":4,"column":21},"end":{"line":4,"column":58}},{"start":{"line":4,"column":58},"end":{"line":4,"column":null}}],"line":4},"1":{"loc":{"start":{"line":49,"column":2},"end":{"line":59,"column":null}},"type":"if","locations":[{"start":{"line":49,"column":2},"end":{"line":59,"column":null}},{"start":{},"end":{}}],"line":49},"2":{"loc":{"start":{"line":49,"column":6},"end":{"line":49,"column":57}},"type":"binary-expr","locations":[{"start":{"line":49,"column":6},"end":{"line":49,"column":14}},{"start":{"line":49,"column":14},"end":{"line":49,"column":29}},{"start":{"line":49,"column":29},"end":{"line":49,"column":57}}],"line":49},"3":{"loc":{"start":{"line":56,"column":18},"end":{"line":56,"column":null}},"type":"binary-expr","locations":[{"start":{"line":56,"column":18},"end":{"line":56,"column":42}},{"start":{"line":56,"column":42},"end":{"line":56,"column":null}}],"line":56},"4":{"loc":{"start":{"line":75,"column":9},"end":{"line":75,"column":null}},"type":"binary-expr","locations":[{"start":{"line":75,"column":9},"end":{"line":75,"column":43}},{"start":{"line":75,"column":43},"end":{"line":75,"column":null}}],"line":75}},"s":{"0":3,"1":3,"2":4,"3":2,"4":3,"5":6,"6":6,"7":6,"8":6,"9":5,"10":7,"11":0,"12":3,"13":7,"14":7,"15":3,"16":2,"17":1,"18":3,"19":2,"20":1,"21":3,"22":2,"23":3,"24":1,"25":3,"26":0,"27":0},"f":{"0":4,"1":6,"2":5,"3":7,"4":7,"5":2,"6":2,"7":2,"8":1,"9":0},"b":{"0":[3,3],"1":[6,0],"2":[6,6,6],"3":[7,3],"4":[7,0]},"meta":{"lastBranch":5,"lastFunction":10,"lastStatement":28,"seen":{"s:4:21:4:Infinity":0,"b:4:21:4:58:4:58:4:Infinity":0,"s:15:34:20:Infinity":1,"f:15:34:15:41":0,"s:16:19:18:Infinity":2,"s:19:2:19:Infinity":3,"s:25:38:62:Infinity":4,"f:25:38:25:45":1,"s:43:19:45:Infinity":5,"s:46:15:46:Infinity":6,"b:49:2:59:Infinity:undefined:undefined:undefined:undefined":1,"s:49:2:59:Infinity":7,"b:49:6:49:14:49:14:49:29:49:29:49:57":2,"s:50:4:58:Infinity":8,"f:51:12:51:13":2,"s:51:22:51:47":9,"f:52:11:52:12":3,"s:52:29:58:8":10,"b:56:18:56:42:56:42:56:Infinity":3,"s:61:2:61:Infinity":11,"s:67:24:76:Infinity":12,"f:67:24:67:25":4,"s:68:82:73:Infinity":13,"s:75:2:75:Infinity":14,"b:75:9:75:43:75:43:75:Infinity":4,"s:81:29:91:Infinity":15,"f:81:29:81:36":5,"s:82:33:85:Infinity":16,"s:87:2:90:Infinity":17,"s:97:37:103:Infinity":18,"f:97:37:97:44":6,"s:98:19:101:Infinity":19,"s:102:2:102:Infinity":20,"s:109:35:111:Infinity":21,"f:109:35:109:42":7,"s:110:2:110:Infinity":22,"s:116:28:118:Infinity":23,"f:116:28:116:35":8,"s:117:2:117:Infinity":24,"s:123:36:131:Infinity":25,"f:123:36:123:Infinity":9,"s:127:19:129:Infinity":26,"s:130:2:130:Infinity":27}}}
,"C:\\Users\\akshat.mishra\\Builds\\byod\\guest-connect-web\\src\\utils\\helpers.ts": {"path":"C:\\Users\\akshat.mishra\\Builds\\byod\\guest-connect-web\\src\\utils\\helpers.ts","statementMap":{"0":{"start":{"line":6,"column":31},"end":{"line":15,"column":null}},"1":{"start":{"line":7,"column":20},"end":{"line":7,"column":null}},"2":{"start":{"line":9,"column":2},"end":{"line":14,"column":null}},"3":{"start":{"line":20,"column":23},"end":{"line":32,"column":null}},"4":{"start":{"line":21,"column":20},"end":{"line":21,"column":null}},"5":{"start":{"line":23,"column":2},"end":{"line":23,"column":null}},"6":{"start":{"line":23,"column":37},"end":{"line":23,"column":null}},"7":{"start":{"line":24,"column":2},"end":{"line":24,"column":null}},"8":{"start":{"line":24,"column":44},"end":{"line":24,"column":null}},"9":{"start":{"line":25,"column":2},"end":{"line":25,"column":null}},"10":{"start":{"line":25,"column":64},"end":{"line":25,"column":null}},"11":{"start":{"line":26,"column":2},"end":{"line":26,"column":null}},"12":{"start":{"line":26,"column":37},"end":{"line":26,"column":null}},"13":{"start":{"line":27,"column":2},"end":{"line":27,"column":null}},"14":{"start":{"line":27,"column":34},"end":{"line":27,"column":null}},"15":{"start":{"line":28,"column":2},"end":{"line":28,"column":null}},"16":{"start":{"line":28,"column":36},"end":{"line":28,"column":null}},"17":{"start":{"line":29,"column":2},"end":{"line":29,"column":null}},"18":{"start":{"line":29,"column":36},"end":{"line":29,"column":null}},"19":{"start":{"line":31,"column":2},"end":{"line":31,"column":null}},"20":{"start":{"line":37,"column":22},"end":{"line":49,"column":null}},"21":{"start":{"line":38,"column":20},"end":{"line":38,"column":null}},"22":{"start":{"line":40,"column":2},"end":{"line":42,"column":null}},"23":{"start":{"line":41,"column":4},"end":{"line":41,"column":null}},"24":{"start":{"line":44,"column":2},"end":{"line":46,"column":null}},"25":{"start":{"line":45,"column":4},"end":{"line":45,"column":null}},"26":{"start":{"line":48,"column":2},"end":{"line":48,"column":null}},"27":{"start":{"line":54,"column":30},"end":{"line":56,"column":null}},"28":{"start":{"line":55,"column":2},"end":{"line":55,"column":null}},"29":{"start":{"line":61,"column":28},"end":{"line":64,"column":null}},"30":{"start":{"line":62,"column":21},"end":{"line":62,"column":null}},"31":{"start":{"line":63,"column":2},"end":{"line":63,"column":null}},"32":{"start":{"line":69,"column":28},"end":{"line":74,"column":null}},"33":{"start":{"line":71,"column":18},"end":{"line":71,"column":null}},"34":{"start":{"line":73,"column":2},"end":{"line":73,"column":null}},"35":{"start":{"line":79,"column":33},"end":{"line":91,"column":null}},"36":{"start":{"line":80,"column":18},"end":{"line":80,"column":null}},"37":{"start":{"line":82,"column":2},"end":{"line":84,"column":null}},"38":{"start":{"line":83,"column":4},"end":{"line":83,"column":null}},"39":{"start":{"line":86,"column":2},"end":{"line":88,"column":null}},"40":{"start":{"line":87,"column":4},"end":{"line":87,"column":null}},"41":{"start":{"line":90,"column":2},"end":{"line":90,"column":null}}},"fnMap":{"0":{"name":"(anonymous_0)","decl":{"start":{"line":6,"column":31},"end":{"line":6,"column":53}},"loc":{"start":{"line":6,"column":53},"end":{"line":15,"column":null}},"line":6},"1":{"name":"(anonymous_1)","decl":{"start":{"line":20,"column":23},"end":{"line":20,"column":37}},"loc":{"start":{"line":20,"column":37},"end":{"line":32,"column":null}},"line":20},"2":{"name":"(anonymous_2)","decl":{"start":{"line":37,"column":22},"end":{"line":37,"column":36}},"loc":{"start":{"line":37,"column":36},"end":{"line":49,"column":null}},"line":37},"3":{"name":"(anonymous_3)","decl":{"start":{"line":54,"column":30},"end":{"line":54,"column":53}},"loc":{"start":{"line":54,"column":53},"end":{"line":56,"column":null}},"line":54},"4":{"name":"(anonymous_4)","decl":{"start":{"line":61,"column":28},"end":{"line":61,"column":29}},"loc":{"start":{"line":61,"column":56},"end":{"line":64,"column":null}},"line":61},"5":{"name":"(anonymous_5)","decl":{"start":{"line":69,"column":28},"end":{"line":69,"column":29}},"loc":{"start":{"line":69,"column":56},"end":{"line":74,"column":null}},"line":69},"6":{"name":"(anonymous_6)","decl":{"start":{"line":79,"column":33},"end":{"line":79,"column":34}},"loc":{"start":{"line":79,"column":60},"end":{"line":91,"column":null}},"line":79}},"branchMap":{"0":{"loc":{"start":{"line":23,"column":2},"end":{"line":23,"column":null}},"type":"if","locations":[{"start":{"line":23,"column":2},"end":{"line":23,"column":null}},{"start":{},"end":{}}],"line":23},"1":{"loc":{"start":{"line":24,"column":2},"end":{"line":24,"column":null}},"type":"if","locations":[{"start":{"line":24,"column":2},"end":{"line":24,"column":null}},{"start":{},"end":{}}],"line":24},"2":{"loc":{"start":{"line":25,"column":2},"end":{"line":25,"column":null}},"type":"if","locations":[{"start":{"line":25,"column":2},"end":{"line":25,"column":null}},{"start":{},"end":{}}],"line":25},"3":{"loc":{"start":{"line":25,"column":6},"end":{"line":25,"column":64}},"type":"binary-expr","locations":[{"start":{"line":25,"column":6},"end":{"line":25,"column":37}},{"start":{"line":25,"column":37},"end":{"line":25,"column":64}}],"line":25},"4":{"loc":{"start":{"line":26,"column":2},"end":{"line":26,"column":null}},"type":"if","locations":[{"start":{"line":26,"column":2},"end":{"line":26,"column":null}},{"start":{},"end":{}}],"line":26},"5":{"loc":{"start":{"line":27,"column":2},"end":{"line":27,"column":null}},"type":"if","locations":[{"start":{"line":27,"column":2},"end":{"line":27,"column":null}},{"start":{},"end":{}}],"line":27},"6":{"loc":{"start":{"line":28,"column":2},"end":{"line":28,"column":null}},"type":"if","locations":[{"start":{"line":28,"column":2},"end":{"line":28,"column":null}},{"start":{},"end":{}}],"line":28},"7":{"loc":{"start":{"line":29,"column":2},"end":{"line":29,"column":null}},"type":"if","locations":[{"start":{"line":29,"column":2},"end":{"line":29,"column":null}},{"start":{},"end":{}}],"line":29},"8":{"loc":{"start":{"line":40,"column":2},"end":{"line":42,"column":null}},"type":"if","locations":[{"start":{"line":40,"column":2},"end":{"line":42,"column":null}},{"start":{},"end":{}}],"line":40},"9":{"loc":{"start":{"line":44,"column":2},"end":{"line":46,"column":null}},"type":"if","locations":[{"start":{"line":44,"column":2},"end":{"line":46,"column":null}},{"start":{},"end":{}}],"line":44},"10":{"loc":{"start":{"line":73,"column":9},"end":{"line":73,"column":null}},"type":"binary-expr","locations":[{"start":{"line":73,"column":9},"end":{"line":73,"column":35}},{"start":{"line":73,"column":35},"end":{"line":73,"column":60}},{"start":{"line":73,"column":60},"end":{"line":73,"column":null}}],"line":73},"11":{"loc":{"start":{"line":82,"column":2},"end":{"line":84,"column":null}},"type":"if","locations":[{"start":{"line":82,"column":2},"end":{"line":84,"column":null}},{"start":{},"end":{}}],"line":82},"12":{"loc":{"start":{"line":86,"column":2},"end":{"line":88,"column":null}},"type":"if","locations":[{"start":{"line":86,"column":2},"end":{"line":88,"column":null}},{"start":{},"end":{}}],"line":86},"13":{"loc":{"start":{"line":86,"column":6},"end":{"line":86,"column":51}},"type":"binary-expr","locations":[{"start":{"line":86,"column":6},"end":{"line":86,"column":31}},{"start":{"line":86,"column":31},"end":{"line":86,"column":51}}],"line":86}},"s":{"0":2,"1":7,"2":7,"3":2,"4":7,"5":7,"6":1,"7":6,"8":0,"9":6,"10":0,"11":6,"12":0,"13":6,"14":0,"15":6,"16":1,"17":5,"18":1,"19":4,"20":2,"21":7,"22":7,"23":1,"24":6,"25":1,"26":5,"27":2,"28":2,"29":2,"30":10,"31":10,"32":2,"33":13,"34":13,"35":2,"36":12,"37":12,"38":5,"39":7,"40":4,"41":3},"f":{"0":7,"1":7,"2":7,"3":2,"4":10,"5":13,"6":12},"b":{"0":[1,6],"1":[0,6],"2":[0,6],"3":[6,6],"4":[0,6],"5":[0,6],"6":[1,5],"7":[1,4],"8":[1,6],"9":[1,5],"10":[13,9,4],"11":[5,7],"12":[4,3],"13":[7,4]},"meta":{"lastBranch":14,"lastFunction":7,"lastStatement":42,"seen":{"s:6:31:15:Infinity":0,"f:6:31:6:53":0,"s:7:20:7:Infinity":1,"s:9:2:14:Infinity":2,"s:20:23:32:Infinity":3,"f:20:23:20:37":1,"s:21:20:21:Infinity":4,"b:23:2:23:Infinity:undefined:undefined:undefined:undefined":0,"s:23:2:23:Infinity":5,"s:23:37:23:Infinity":6,"b:24:2:24:Infinity:undefined:undefined:undefined:undefined":1,"s:24:2:24:Infinity":7,"s:24:44:24:Infinity":8,"b:25:2:25:Infinity:undefined:undefined:undefined:undefined":2,"s:25:2:25:Infinity":9,"b:25:6:25:37:25:37:25:64":3,"s:25:64:25:Infinity":10,"b:26:2:26:Infinity:undefined:undefined:undefined:undefined":4,"s:26:2:26:Infinity":11,"s:26:37:26:Infinity":12,"b:27:2:27:Infinity:undefined:undefined:undefined:undefined":5,"s:27:2:27:Infinity":13,"s:27:34:27:Infinity":14,"b:28:2:28:Infinity:undefined:undefined:undefined:undefined":6,"s:28:2:28:Infinity":15,"s:28:36:28:Infinity":16,"b:29:2:29:Infinity:undefined:undefined:undefined:undefined":7,"s:29:2:29:Infinity":17,"s:29:36:29:Infinity":18,"s:31:2:31:Infinity":19,"s:37:22:49:Infinity":20,"f:37:22:37:36":2,"s:38:20:38:Infinity":21,"b:40:2:42:Infinity:undefined:undefined:undefined:undefined":8,"s:40:2:42:Infinity":22,"s:41:4:41:Infinity":23,"b:44:2:46:Infinity:undefined:undefined:undefined:undefined":9,"s:44:2:46:Infinity":24,"s:45:4:45:Infinity":25,"s:48:2:48:Infinity":26,"s:54:30:56:Infinity":27,"f:54:30:54:53":3,"s:55:2:55:Infinity":28,"s:61:28:64:Infinity":29,"f:61:28:61:29":4,"s:62:21:62:Infinity":30,"s:63:2:63:Infinity":31,"s:69:28:74:Infinity":32,"f:69:28:69:29":5,"s:71:18:71:Infinity":33,"s:73:2:73:Infinity":34,"b:73:9:73:35:73:35:73:60:73:60:73:Infinity":10,"s:79:33:91:Infinity":35,"f:79:33:79:34":6,"s:80:18:80:Infinity":36,"b:82:2:84:Infinity:undefined:undefined:undefined:undefined":11,"s:82:2:84:Infinity":37,"s:83:4:83:Infinity":38,"b:86:2:88:Infinity:undefined:undefined:undefined:undefined":12,"s:86:2:88:Infinity":39,"b:86:6:86:31:86:31:86:51":13,"s:87:4:87:Infinity":40,"s:90:2:90:Infinity":41}}}
}
