TN:
SF:src\App.css
FNF:0
FNH:0
LF:0
LH:0
BRF:0
BRH:0
end_of_record
TN:
SF:src\App.tsx
FN:6,App
FN:7,(anonymous_1)
FNF:2
FNH:2
FNDA:13,App
FNDA:13,(anonymous_1)
DA:7,13
DA:9,13
DA:10,13
DA:11,13
DA:12,13
DA:14,13
DA:16,13
DA:17,4
DA:33,9
LF:9
LH:9
BRDA:12,0,0,9
BRDA:12,0,1,4
BRDA:16,1,0,4
BRDA:16,1,1,9
BRF:4
BRH:4
end_of_record
TN:
SF:src\components\SurveyForm.tsx
FN:37,(anonymous_0)
FN:47,(anonymous_1)
FN:48,(anonymous_2)
FN:53,(anonymous_3)
FN:56,(anonymous_4)
FN:107,(anonymous_5)
FN:111,(anonymous_6)
FN:139,(anonymous_7)
FN:171,(anonymous_8)
FN:195,(anonymous_9)
FN:272,(anonymous_10)
FN:307,(anonymous_11)
FN:341,(anonymous_12)
FN:451,(anonymous_13)
FN:507,(anonymous_14)
FN:535,(anonymous_15)
FN:563,(anonymous_16)
FNF:17
FNH:14
FNDA:47,(anonymous_0)
FNDA:21,(anonymous_1)
FNDA:0,(anonymous_2)
FNDA:21,(anonymous_3)
FNDA:21,(anonymous_4)
FNDA:21,(anonymous_5)
FNDA:3,(anonymous_6)
FNDA:4,(anonymous_7)
FNDA:34,(anonymous_8)
FNDA:80,(anonymous_9)
FNDA:4,(anonymous_10)
FNDA:6,(anonymous_11)
FNDA:2,(anonymous_12)
FNDA:34,(anonymous_13)
FNDA:3,(anonymous_14)
FNDA:0,(anonymous_15)
FNDA:0,(anonymous_16)
DA:30,1
DA:31,1
DA:37,1
DA:38,47
DA:39,47
DA:40,47
DA:41,47
DA:42,47
DA:43,47
DA:44,47
DA:45,47
DA:47,47
DA:48,21
DA:49,0
DA:52,21
DA:53,21
DA:56,47
DA:57,21
DA:58,21
DA:59,21
DA:61,17
DA:62,1
DA:65,16
DA:66,16
DA:68,16
DA:69,16
DA:70,16
DA:71,16
DA:72,1
DA:73,1
DA:74,1
DA:78,15
DA:79,15
DA:80,15
DA:81,15
DA:82,1
DA:83,1
DA:84,1
DA:88,14
DA:92,3
DA:95,3
DA:96,1
DA:97,2
DA:98,1
DA:100,1
DA:103,20
DA:107,47
DA:108,21
DA:111,47
DA:112,3
DA:114,3
DA:115,3
DA:118,3
DA:121,3
DA:129,3
DA:130,0
DA:131,0
DA:132,0
DA:135,3
DA:136,2
DA:139,4
DA:147,2
DA:153,2
DA:154,2
DA:156,1
DA:159,1
DA:160,0
DA:161,1
DA:162,0
DA:164,1
DA:167,3
DA:171,47
DA:172,34
DA:174,16
DA:175,16
DA:176,16
DA:196,80
DA:229,1
DA:258,1
DA:273,4
DA:284,16
DA:307,47
DA:308,6
DA:322,6
DA:341,47
DA:342,2
DA:361,47
DA:362,21
DA:376,26
DA:377,6
DA:380,20
DA:381,2
DA:384,18
DA:385,0
DA:388,18
DA:452,34
DA:507,3
DA:536,0
DA:537,0
DA:539,0
DA:564,0
DA:565,0
DA:567,0
LF:103
LH:90
BRDA:61,0,0,1
BRDA:61,0,1,16
BRDA:68,1,0,16
BRDA:68,1,1,0
BRDA:71,2,0,1
BRDA:71,2,1,15
BRDA:78,3,0,15
BRDA:78,3,1,0
BRDA:81,4,0,1
BRDA:81,4,1,14
BRDA:95,5,0,1
BRDA:95,5,1,2
BRDA:97,6,0,1
BRDA:97,6,1,1
BRDA:112,7,0,0
BRDA:112,7,1,3
BRDA:112,8,0,3
BRDA:112,8,1,3
BRDA:122,9,0,2
BRDA:122,9,1,1
BRDA:124,10,0,3
BRDA:124,10,1,0
BRDA:129,11,0,0
BRDA:129,11,1,3
BRDA:129,12,0,3
BRDA:129,12,1,2
BRDA:141,13,0,4
BRDA:141,13,1,0
BRDA:159,14,0,0
BRDA:159,14,1,1
BRDA:161,15,0,0
BRDA:161,15,1,1
BRDA:172,16,0,16
BRDA:172,16,1,1
BRDA:172,16,2,1
BRDA:172,16,3,16
BRDA:172,16,4,16
BRDA:192,17,0,1
BRDA:192,17,1,15
BRDA:201,18,0,5
BRDA:201,18,1,75
BRDA:204,19,0,5
BRDA:204,19,1,75
BRDA:214,20,0,80
BRDA:214,20,1,75
BRDA:244,21,0,0
BRDA:244,21,1,1
BRDA:247,22,0,0
BRDA:247,22,1,1
BRDA:250,23,0,0
BRDA:250,23,1,1
BRDA:297,24,0,1
BRDA:297,24,1,15
BRDA:332,25,0,6
BRDA:332,25,1,0
BRDA:361,26,0,21
BRDA:361,26,1,26
BRDA:376,27,0,6
BRDA:376,27,1,20
BRDA:380,28,0,2
BRDA:380,28,1,18
BRDA:384,29,0,0
BRDA:384,29,1,18
BRDA:393,30,0,1
BRDA:393,30,1,17
BRDA:400,31,0,1
BRDA:400,31,1,17
BRDA:404,32,0,47
BRDA:404,32,1,0
BRDA:406,33,0,0
BRDA:406,33,1,0
BRDA:418,34,0,1
BRDA:418,34,1,17
BRDA:420,35,0,1
BRDA:420,35,1,17
BRDA:430,36,0,1
BRDA:430,36,1,17
BRDA:432,37,0,1
BRDA:432,37,1,17
BRDA:435,38,0,16
BRDA:435,38,1,2
BRDA:447,39,0,1
BRDA:447,39,1,17
BRDA:450,40,0,18
BRDA:450,40,1,0
BRDA:450,41,0,47
BRDA:450,41,1,18
BRDA:452,42,0,2
BRDA:452,42,1,32
BRDA:465,43,0,47
BRDA:465,43,1,16
BRDA:467,44,0,1
BRDA:467,44,1,15
BRDA:470,45,0,16
BRDA:470,45,1,16
BRDA:473,46,0,1
BRDA:473,46,1,15
BRDA:475,47,0,1
BRDA:475,47,1,15
BRDA:486,48,0,16
BRDA:486,48,1,0
BRDA:491,49,0,0
BRDA:491,49,1,0
BRDA:498,50,0,47
BRDA:498,50,1,16
BRDA:500,51,0,1
BRDA:500,51,1,15
BRDA:513,52,0,16
BRDA:513,52,1,12
BRDA:521,53,0,1
BRDA:521,53,1,11
BRDA:525,54,0,1
BRDA:525,54,1,11
BRDA:536,55,0,0
BRDA:536,55,1,0
BRDA:536,56,0,0
BRDA:536,56,1,0
BRDA:545,57,0,1
BRDA:545,57,1,11
BRDA:550,58,0,1
BRDA:550,58,1,11
BRDA:564,59,0,0
BRDA:564,59,1,0
BRDA:564,60,0,0
BRDA:564,60,1,0
BRDA:573,61,0,1
BRDA:573,61,1,11
BRDA:577,62,0,1
BRDA:577,62,1,11
BRDA:587,63,0,47
BRDA:587,63,1,0
BRDA:592,64,0,0
BRDA:592,64,1,0
BRDA:599,65,0,0
BRDA:599,65,1,0
BRDA:600,66,0,0
BRDA:600,66,1,0
BRDA:606,67,0,1
BRDA:606,67,1,17
BRDA:610,68,0,1
BRDA:610,68,1,17
BRF:141
BRH:106
end_of_record
TN:
SF:src\utils\api.ts
FN:15,(anonymous_0)
FN:25,(anonymous_1)
FN:51,(anonymous_2)
FN:52,(anonymous_3)
FN:67,(anonymous_4)
FN:81,(anonymous_5)
FN:97,(anonymous_6)
FN:109,(anonymous_7)
FN:116,(anonymous_8)
FN:123,(anonymous_9)
FNF:10
FNH:9
FNDA:4,(anonymous_0)
FNDA:6,(anonymous_1)
FNDA:5,(anonymous_2)
FNDA:7,(anonymous_3)
FNDA:7,(anonymous_4)
FNDA:2,(anonymous_5)
FNDA:2,(anonymous_6)
FNDA:2,(anonymous_7)
FNDA:1,(anonymous_8)
FNDA:0,(anonymous_9)
DA:4,3
DA:15,3
DA:16,4
DA:19,2
DA:25,3
DA:43,6
DA:46,6
DA:49,6
DA:50,6
DA:51,5
DA:52,7
DA:61,0
DA:67,3
DA:68,7
DA:75,7
DA:81,3
DA:82,2
DA:87,1
DA:97,3
DA:98,2
DA:102,1
DA:109,3
DA:110,2
DA:116,3
DA:117,1
DA:123,3
DA:127,0
DA:130,0
LF:28
LH:25
BRDA:4,0,0,3
BRDA:4,0,1,3
BRDA:49,1,0,6
BRDA:49,1,1,0
BRDA:49,2,0,6
BRDA:49,2,1,6
BRDA:49,2,2,6
BRDA:56,3,0,7
BRDA:56,3,1,3
BRDA:75,4,0,7
BRDA:75,4,1,0
BRF:11
BRH:9
end_of_record
TN:
SF:src\utils\helpers.ts
FN:6,(anonymous_0)
FN:20,(anonymous_1)
FN:37,(anonymous_2)
FN:54,(anonymous_3)
FN:61,(anonymous_4)
FN:69,(anonymous_5)
FN:79,(anonymous_6)
FNF:7
FNH:7
FNDA:7,(anonymous_0)
FNDA:7,(anonymous_1)
FNDA:7,(anonymous_2)
FNDA:2,(anonymous_3)
FNDA:10,(anonymous_4)
FNDA:13,(anonymous_5)
FNDA:12,(anonymous_6)
DA:6,2
DA:7,7
DA:9,7
DA:20,2
DA:21,7
DA:23,7
DA:24,6
DA:25,6
DA:26,6
DA:27,6
DA:28,6
DA:29,5
DA:31,4
DA:37,2
DA:38,7
DA:40,7
DA:41,1
DA:44,6
DA:45,1
DA:48,5
DA:54,2
DA:55,2
DA:61,2
DA:62,10
DA:63,10
DA:69,2
DA:71,13
DA:73,13
DA:79,2
DA:80,12
DA:82,12
DA:83,5
DA:86,7
DA:87,4
DA:90,3
LF:35
LH:35
BRDA:23,0,0,1
BRDA:23,0,1,6
BRDA:24,1,0,0
BRDA:24,1,1,6
BRDA:25,2,0,0
BRDA:25,2,1,6
BRDA:25,3,0,6
BRDA:25,3,1,6
BRDA:26,4,0,0
BRDA:26,4,1,6
BRDA:27,5,0,0
BRDA:27,5,1,6
BRDA:28,6,0,1
BRDA:28,6,1,5
BRDA:29,7,0,1
BRDA:29,7,1,4
BRDA:40,8,0,1
BRDA:40,8,1,6
BRDA:44,9,0,1
BRDA:44,9,1,5
BRDA:73,10,0,13
BRDA:73,10,1,9
BRDA:73,10,2,4
BRDA:82,11,0,5
BRDA:82,11,1,7
BRDA:86,12,0,4
BRDA:86,12,1,3
BRDA:86,13,0,7
BRDA:86,13,1,4
BRF:29
BRH:25
end_of_record
